<?xml version="1.0" encoding="utf-8" standalone="no"?>
<!--This file represents the results of running a test suite-->
<test-results name="C:\Users\lehmandr\Documents\CSSE376\SQA-Risk\Risk\Risk\TestGUI\UnitTestProject1\bin\Debug\UnitTestProject1.dll" total="5" errors="0" failures="0" not-run="0" inconclusive="0" ignored="0" skipped="0" invalid="0" date="2015-04-15" time="18:01:27">
  <environment nunit-version="2.6.4.14350" clr-version="2.0.50727.5485" os-version="Microsoft Windows NT 6.1.7601 Service Pack 1" platform="Win32NT" cwd="C:\Program Files (x86)\NUnit 2.6.4\bin" machine-name="LEHMANDR-1" user="lehmandr" user-domain="LEHMANDR-1" />
  <culture-info current-culture="en-US" current-uiculture="en-US" />
  <test-suite type="Assembly" name="C:\Users\lehmandr\Documents\CSSE376\SQA-Risk\Risk\Risk\TestGUI\UnitTestProject1\bin\Debug\UnitTestProject1.dll" executed="True" result="Success" success="True" time="0.124" asserts="0">
    <results>
      <test-suite type="Namespace" name="UnitTestProject1" executed="True" result="Success" success="True" time="0.101" asserts="0">
        <results>
          <test-suite type="TestFixture" name="TerritoryTest" executed="True" result="Success" success="True" time="0.098" asserts="0">
            <results>
              <test-case name="UnitTestProject1.TerritoryTest.TestTerritoryAreNotEqualWhenContAreDifferent" executed="True" result="Success" success="True" time="0.064" asserts="1" />
              <test-case name="UnitTestProject1.TerritoryTest.TestTerritoryAreNotEqualWhenNameDifference" executed="True" result="Success" success="True" time="0.001" asserts="1" />
              <test-case name="UnitTestProject1.TerritoryTest.TestTerritoryEqualsEmpty" executed="True" result="Success" success="True" time="0.002" asserts="1" />
              <test-case name="UnitTestProject1.TerritoryTest.TestTerritoryIsNotEqualToNullObj" executed="True" result="Success" success="True" time="0.000" asserts="1" />
              <test-case name="UnitTestProject1.TerritoryTest.TestTerritoryIsNotEqualToOtherObjects" executed="True" result="Success" success="True" time="0.000" asserts="1" />
            </results>
          </test-suite>
        </results>
      </test-suite>
    </results>
  </test-suite>
</test-results>