<?xml version="1.0" encoding="utf-8" standalone="no"?>
<!--This file represents the results of running a test suite-->
<test-results name="C:\Users\Administrator\Documents\GitHub\SQA-Risk\Risk\Risk\TestGUI\UnitTestProject1\bin\Debug\UnitTestProject1.dll" total="2" errors="0" failures="0" not-run="0" inconclusive="0" ignored="0" skipped="0" invalid="0" date="2015-03-26" time="16:36:04">
  <environment nunit-version="2.6.4.14350" clr-version="2.0.50727.5485" os-version="Microsoft Windows NT 6.1.7601 Service Pack 1" platform="Win32NT" cwd="C:\Program Files (x86)\NUnit 2.6.4\bin" machine-name="MCPHERSM-1" user="localmgr" user-domain="MCPHERSM-1" />
  <culture-info current-culture="en-US" current-uiculture="en-US" />
  <test-suite type="Assembly" name="C:\Users\Administrator\Documents\GitHub\SQA-Risk\Risk\Risk\TestGUI\UnitTestProject1\bin\Debug\UnitTestProject1.dll" executed="True" result="Success" success="True" time="0.089" asserts="0">
    <results>
      <test-suite type="Namespace" name="UnitTestProject1" executed="True" result="Success" success="True" time="0.073" asserts="0">
        <results>
          <test-suite type="TestFixture" name="UnitTest1" executed="True" result="Success" success="True" time="0.071" asserts="0">
            <results>
              <test-case name="UnitTestProject1.UnitTest1.TestGameInitializes" executed="True" result="Success" success="True" time="0.043" asserts="1" />
              <test-case name="UnitTestProject1.UnitTest1.TestNumberOfPlayersConstructor" executed="True" result="Success" success="True" time="0.013" asserts="1" />
            </results>
          </test-suite>
        </results>
      </test-suite>
    </results>
  </test-suite>
</test-results>