<?xml version="1.0" encoding="utf-8" standalone="no"?>
<!--This file represents the results of running a test suite-->
<test-results name="C:\Users\lehmandr\Documents\CSSE376\SQA-Risk\Risk\Risk\TestGUI\UnitTestProject1\bin\Debug\UnitTestProject1.dll" total="4" errors="0" failures="0" not-run="0" inconclusive="0" ignored="0" skipped="0" invalid="0" date="2015-04-16" time="19:32:21">
  <environment nunit-version="2.6.4.14350" clr-version="2.0.50727.5485" os-version="Microsoft Windows NT 6.1.7601 Service Pack 1" platform="Win32NT" cwd="C:\Program Files (x86)\NUnit 2.6.4\bin" machine-name="LEHMANDR-1" user="lehmandr" user-domain="LEHMANDR-1" />
  <culture-info current-culture="en-US" current-uiculture="en-US" />
  <test-suite type="Assembly" name="C:\Users\lehmandr\Documents\CSSE376\SQA-Risk\Risk\Risk\TestGUI\UnitTestProject1\bin\Debug\UnitTestProject1.dll" executed="True" result="Success" success="True" time="0.188" asserts="0">
    <results>
      <test-suite type="Namespace" name="UnitTestProject1" executed="True" result="Success" success="True" time="0.169" asserts="0">
        <results>
          <test-suite type="TestFixture" name="GameTest" executed="True" result="Success" success="True" time="0.166" asserts="0">
            <results>
              <test-case name="UnitTestProject1.GameTest.TestMakeMapFromXMLEmptyString" executed="True" result="Success" success="True" time="0.026" asserts="1" />
              <test-case name="UnitTestProject1.GameTest.TestMakeMapFromXMLOneTerritory" executed="True" result="Success" success="True" time="0.086" asserts="1" />
              <test-case name="UnitTestProject1.GameTest.TestMakeMapFromXMLTwoTerritories" executed="True" result="Success" success="True" time="0.001" asserts="2" />
              <test-case name="UnitTestProject1.GameTest.TestMakeMapFromXMLWithAdjacent" executed="True" result="Success" success="True" time="0.001" asserts="1" />
            </results>
          </test-suite>
        </results>
      </test-suite>
    </results>
  </test-suite>
</test-results>